# JRE version: Java(TM) SE Runtime Environment (8.0_161-b12) (build 1.8.0_161-b12)
# Java VM: Java HotSpot(TM) 64-Bit Server VM (25.161-b12 mixed mode bsd-amd64 compressed oops)
Heap:
 PSYoungGen      total 320512K, used 23040K [0x000000076ab00000, 0x0000000781780000, 0x00000007c0000000)
  eden space 303616K, 2% used [0x000000076ab00000,0x000000076b107a68,0x000000077d380000)
  from space 16896K, 99% used [0x000000077f000000,0x0000000780078680,0x0000000780080000)
  to   space 29184K, 0% used [0x000000077d380000,0x000000077d380000,0x000000077f000000)
 ParOldGen       total 2628096K, used 2467684K [0x00000006c0000000, 0x0000000760680000, 0x000000076ab00000)
  object space 2628096K, 93% used [0x00000006c0000000,0x00000007569d91a8,0x0000000760680000)
 Metaspace       used 68906K, capacity 69424K, committed 69888K, reserved 1110016K
  class space    used 10113K, capacity 10240K, committed 10240K, reserved 1048576K
GC Heap History (10 events):
Event: 4.973 GC heap before
{Heap before GC invocations=9 (full 2):
 PSYoungGen      total 170496K, used 160256K [0x000000076ab00000, 0x0000000779200000, 0x00000007c0000000)
  eden space 160256K, 100% used [0x000000076ab00000,0x0000000774780000,0x0000000774780000)
  from space 10240K, 0% used [0x0000000775200000,0x0000000775200000,0x0000000775c00000)
  to   space 10752K, 0% used [0x0000000774780000,0x0000000774780000,0x0000000775200000)
 ParOldGen       total 149504K, used 9552K [0x00000006c0000000, 0x00000006c9200000, 0x000000076ab00000)
  object space 149504K, 6% used [0x00000006c0000000,0x00000006c0954230,0x00000006c9200000)
 Metaspace       used 44512K, capacity 44786K, committed 45184K, reserved 1087488K
  class space    used 6343K, capacity 6439K, committed 6528K, reserved 1048576K
Event: 4.995 GC heap after
Heap after GC invocations=9 (full 2):
 PSYoungGen      total 171008K, used 10746K [0x000000076ab00000, 0x000000077b480000, 0x00000007c0000000)
  eden space 160256K, 0% used [0x000000076ab00000,0x000000076ab00000,0x0000000774780000)
  from space 10752K, 99% used [0x0000000774780000,0x00000007751fe990,0x0000000775200000)
  to   space 12288K, 0% used [0x000000077a880000,0x000000077a880000,0x000000077b480000)
 ParOldGen       total 149504K, used 10805K [0x00000006c0000000, 0x00000006c9200000, 0x000000076ab00000)
  object space 149504K, 7% used [0x00000006c0000000,0x00000006c0a8d5e8,0x00000006c9200000)
 Metaspace       used 44512K, capacity 44786K, committed 45184K, reserved 1087488K
  class space    used 6343K, capacity 6439K, committed 6528K, reserved 1048576K
}
Event: 6.785 GC heap before
{Heap before GC invocations=10 (full 2):
 PSYoungGen      total 171008K, used 171002K [0x000000076ab00000, 0x000000077b480000, 0x00000007c0000000)
  eden space 160256K, 100% used [0x000000076ab00000,0x0000000774780000,0x0000000774780000)
  from space 10752K, 99% used [0x0000000774780000,0x00000007751fe990,0x0000000775200000)
  to   space 12288K, 0% used [0x000000077a880000,0x000000077a880000,0x000000077b480000)
 ParOldGen       total 149504K, used 10805K [0x00000006c0000000, 0x00000006c9200000, 0x000000076ab00000)
  object space 149504K, 7% used [0x00000006c0000000,0x00000006c0a8d5e8,0x00000006c9200000)
 Metaspace       used 54178K, capacity 54456K, committed 54912K, reserved 1095680K
  class space    used 7864K, capacity 7976K, committed 8064K, reserved 1048576K
Event: 6.805 GC heap after
Heap after GC invocations=10 (full 2):
 PSYoungGen      total 254976K, used 12270K [0x000000076ab00000, 0x000000077b700000, 0x00000007c0000000)
  eden space 242688K, 0% used [0x000000076ab00000,0x000000076ab00000,0x0000000779800000)
  from space 12288K, 99% used [0x000000077a880000,0x000000077b47b878,0x000000077b480000)
  to   space 15872K, 0% used [0x0000000779800000,0x0000000779800000,0x000000077a780000)
 ParOldGen       total 149504K, used 15152K [0x00000006c0000000, 0x00000006c9200000, 0x000000076ab00000)
  object space 149504K, 10% used [0x00000006c0000000,0x00000006c0ecc050,0x00000006c9200000)
 Metaspace       used 54178K, capacity 54456K, committed 54912K, reserved 1095680K
  class space    used 7864K, capacity 7976K, committed 8064K, reserved 1048576K
}
Event: 7.628 GC heap before
{Heap before GC invocations=11 (full 2):
 PSYoungGen      total 254976K, used 102602K [0x000000076ab00000, 0x000000077b700000, 0x00000007c0000000)
  eden space 242688K, 37% used [0x000000076ab00000,0x0000000770337060,0x0000000779800000)
  from space 12288K, 99% used [0x000000077a880000,0x000000077b47b878,0x000000077b480000)
  to   space 15872K, 0% used [0x0000000779800000,0x0000000779800000,0x000000077a780000)
 ParOldGen       total 149504K, used 15152K [0x00000006c0000000, 0x00000006c9200000, 0x000000076ab00000)
  object space 149504K, 10% used [0x00000006c0000000,0x00000006c0ecc050,0x00000006c9200000)
 Metaspace       used 58249K, capacity 58540K, committed 59008K, reserved 1099776K
  class space    used 8478K, capacity 8562K, committed 8576K, reserved 1048576K
Event: 7.640 GC heap after
Heap after GC invocations=11 (full 2):
 PSYoungGen      total 258560K, used 14393K [0x000000076ab00000, 0x0000000780080000, 0x00000007c0000000)
  eden space 242688K, 0% used [0x000000076ab00000,0x000000076ab00000,0x0000000779800000)
  from space 15872K, 90% used [0x0000000779800000,0x000000077a60e688,0x000000077a780000)
  to   space 16896K, 0% used [0x000000077f000000,0x000000077f000000,0x0000000780080000)
 ParOldGen       total 149504K, used 15160K [0x00000006c0000000, 0x00000006c9200000, 0x000000076ab00000)
  object space 149504K, 10% used [0x00000006c0000000,0x00000006c0ece050,0x00000006c9200000)
 Metaspace       used 58249K, capacity 58540K, committed 59008K, reserved 1099776K
  class space    used 8478K, capacity 8562K, committed 8576K, reserved 1048576K
}
Event: 7.640 GC heap before
{Heap before GC invocations=12 (full 3):
 PSYoungGen      total 258560K, used 14393K [0x000000076ab00000, 0x0000000780080000, 0x00000007c0000000)
  eden space 242688K, 0% used [0x000000076ab00000,0x000000076ab00000,0x0000000779800000)
  from space 15872K, 90% used [0x0000000779800000,0x000000077a60e688,0x000000077a780000)
  to   space 16896K, 0% used [0x000000077f000000,0x000000077f000000,0x0000000780080000)
 ParOldGen       total 149504K, used 15160K [0x00000006c0000000, 0x00000006c9200000, 0x000000076ab00000)
  object space 149504K, 10% used [0x00000006c0000000,0x00000006c0ece050,0x00000006c9200000)
 Metaspace       used 58249K, capacity 58540K, committed 59008K, reserved 1099776K
  class space    used 8478K, capacity 8562K, committed 8576K, reserved 1048576K
Event: 7.741 GC heap after
Heap after GC invocations=12 (full 3):
 PSYoungGen      total 258560K, used 0K [0x000000076ab00000, 0x0000000780080000, 0x00000007c0000000)
  eden space 242688K, 0% used [0x000000076ab00000,0x000000076ab00000,0x0000000779800000)
  from space 15872K, 0% used [0x0000000779800000,0x0000000779800000,0x000000077a780000)
  to   space 16896K, 0% used [0x000000077f000000,0x000000077f000000,0x0000000780080000)
 ParOldGen       total 208896K, used 22013K [0x00000006c0000000, 0x00000006ccc00000, 0x000000076ab00000)
  object space 208896K, 10% used [0x00000006c0000000,0x00000006c157f400,0x00000006ccc00000)
 Metaspace       used 58249K, capacity 58540K, committed 59008K, reserved 1099776K
  class space    used 8478K, capacity 8562K, committed 8576K, reserved 1048576K
}
Event: 9.642 GC heap before
{Heap before GC invocations=13 (full 3):
 PSYoungGen      total 258560K, used 242688K [0x000000076ab00000, 0x0000000780080000, 0x00000007c0000000)
  eden space 242688K, 100% used [0x000000076ab00000,0x0000000779800000,0x0000000779800000)
  from space 15872K, 0% used [0x0000000779800000,0x0000000779800000,0x000000077a780000)
  to   space 16896K, 0% used [0x000000077f000000,0x000000077f000000,0x0000000780080000)
 ParOldGen       total 2628096K, used 2439714K [0x00000006c0000000, 0x0000000760680000, 0x000000076ab00000)
  object space 2628096K, 92% used [0x00000006c0000000,0x0000000754e88aa8,0x0000000760680000)
 Metaspace       used 68905K, capacity 69424K, committed 69888K, reserved 1110016K
  class space    used 10113K, capacity 10240K, committed 10240K, reserved 1048576K
Event: 9.688 GC heap after
Heap after GC invocations=13 (full 3):
 PSYoungGen      total 320512K, used 16865K [0x000000076ab00000, 0x0000000781780000, 0x00000007c0000000)
  eden space 303616K, 0% used [0x000000076ab00000,0x000000076ab00000,0x000000077d380000)
  from space 16896K, 99% used [0x000000077f000000,0x0000000780078680,0x0000000780080000)
  to   space 29184K, 0% used [0x000000077d380000,0x000000077d380000,0x000000077f000000)
 ParOldGen       total 2628096K, used 2467684K [0x00000006c0000000, 0x0000000760680000, 0x000000076ab00000)
  object space 2628096K, 93% used [0x00000006c0000000,0x00000007569d91a8,0x0000000760680000)
 Metaspace       used 68905K, capacity 69424K, committed 69888K, reserved 1110016K
  class space    used 10113K, capacity 10240K, committed 10240K, reserved 1048576K
}

